This is XeTeX, Version 3.14159265-2.6-0.99998 (TeX Live 2017) (preloaded format=xelatex 2017.12.6)  26 JUN 2019 13:51
entering extended mode
 \write18 enabled.
 %&-line parsing enabled.
**ussc_latex_style.tex
(./ussc_latex_style.tex
LaTeX2e <2017-04-15>
Babel <3.10> and hyphenation patterns for 84 language(s) loaded.

! LaTeX Error: File `$documentclass$.cls' not found.

Type X to quit or <RETURN> to proceed,
or enter new name. (Default extension: cls)

Enter file name: 
! Emergency stop.
<read *> 
         
l.2 $
     if(theme)$^^M
*** (cannot \read from terminal in nonstop modes)

 
Here is how much of TeX's memory you used:
 9 strings out of 493005
 167 string characters out of 6134596
 61634 words of memory out of 5000000
 4080 multiletter control sequences out of 15000+600000
 3640 words of font info for 14 fonts, out of 8000000 for 9000
 1348 hyphenation exceptions out of 8191
 10i,0n,7p,265b,8s stack positions out of 5000i,500n,10000p,200000b,80000s
No pages of output.
